2023-02-17 15:42:45,772 [INFO] Found the Files
2023-02-17 15:43:20,994 [INFO] get_regression method called
2023-02-17 15:43:20,995 [CRITICAL] Datasets not found in the current folder or corrupted files
2023-02-17 15:43:21,007 [INFO] Saved train.csv and test.csv files
2023-02-17 15:44:10,227 [INFO] get_regression method called
2023-02-17 15:44:10,228 [INFO] Found the Files
2023-02-17 15:44:55,164 [INFO] get_regression method called
2023-02-17 15:44:55,164 [CRITICAL] Datasets not found in the current folder or corrupted files
2023-02-17 15:44:55,176 [INFO] Saved train.csv and test.csv files
2023-02-17 15:45:00,945 [INFO] get_regression method called
2023-02-17 15:45:00,946 [INFO] Found the Files
2023-02-17 15:55:07,022 [INFO] get_regression method called
2023-02-17 15:55:07,022 [INFO] Found the Files
2023-02-17 15:57:09,199 [INFO] get_regression method called
2023-02-17 15:57:09,200 [INFO] Found the Files
2023-02-17 15:59:45,455 [INFO] get_regression method called
2023-02-17 15:59:45,456 [INFO] Found the Files
2023-02-17 16:05:17,142 [INFO] get_regression method called
2023-02-17 16:05:17,143 [INFO] Found the Files
2023-02-17 16:05:37,574 [INFO] get_regression method called
2023-02-17 16:05:37,574 [INFO] Found the Files
2023-02-17 16:09:19,901 [INFO] get_regression method called
2023-02-17 16:09:19,902 [INFO] Found the Files
2023-02-17 16:09:32,739 [INFO] get_regression method called
2023-02-17 16:09:32,740 [INFO] Found the Files
2023-02-17 17:16:48,097 [INFO] UCI Mushroom Dataset Not Found
2023-02-17 17:16:48,097 [INFO] Downloading UCI Mushroom Dataset and saving it in location ../data/UCI_Mushroom
2023-02-17 17:17:14,123 [INFO] UCI Mushroom Dataset Not Found
2023-02-17 17:17:14,123 [INFO] Downloading UCI Mushroom Dataset and saving it in location ../data/UCI_Mushroom
2023-02-17 17:17:18,343 [INFO] Download Complete
2023-02-17 17:17:29,362 [INFO] Folder for UCI Mushroom found in the data folder. If the files are corrupted please delete the folder at location ../data/UCI_Mushroom
